d     ############################## DEBUG MODE: VERTEX ##############################
      [h_metal_row]
      Metal 1 rows: 0 1 2 3 4 5 6 7 8 9 
      Metal 2 rows: 0 1 2 3 4 5 6 7 8 9 
      Metal 3 rows: 0 1 2 3 4 5 6 7 8 9 
      Metal 4 rows: 0 1 2 3 4 5 6 7 8 9 
      [h_metal_col]
      Metal 1 cols: 0 45 90 135 180 225 270 315 360 405 450 495 540 585 630 
      Metal 2 cols: 0 45 60 90 120 135 180 225 240 270 300 315 360 405 420 450 480 495 540 585 600 630 
      Metal 3 cols: 0 60 120 180 240 300 360 420 480 540 600 
      Metal 4 cols: 0 60 120 180 240 300 360 420 480 540 600 
      [h_metal_row_idx]
      Metal 1 row_idx: 0:0 1:1 2:2 3:3 4:4 5:5 6:6 7:7 
      Metal 2 row_idx: 0:0 1:1 2:2 3:3 4:4 5:5 6:6 7:7 
      Metal 3 row_idx: 0:0 1:1 2:2 3:3 4:4 5:5 6:6 7:7 
      Metal 4 row_idx: 0:0 1:1 2:2 3:3 4:4 5:5 6:6 7:7 
      [h_metal_col_idx]
      Metal 1 col_idx: 0:0 45:1 90:2 135:3 180:4 225:5 270:6 315:7 360:8 405:9 450:10 495:11 540:12 585:13 630:14 
      Metal 2 col_idx: 0:0 45:1 60:2 90:3 120:4 135:5 180:6 225:7 240:8 270:9 300:10 315:11 360:12 405:13 420:14 450:15 480:16 495:17 540:18 585:19 600:20 630:21 
      Metal 3 col_idx: 0:0 60:1 120:2 180:3 240:4 300:5 360:6 420:7 480:8 540:9 600:10 
      Metal 4 col_idx: 0:0 60:1 120:2 180:3 240:4 300:5 360:6 420:7 480:8 540:9 600:10 
      [h_metal_numTrackV]
      Metal 1 numTrackV: 15
      Metal 2 numTrackV: 22
      Metal 3 numTrackV: 11
      Metal 4 numTrackV: 11
      [h_metal_numTrackH]
      Metal 1 numTrackH: 10
      Metal 2 numTrackH: 10
      Metal 3 numTrackH: 10
      Metal 4 numTrackH: 10
d     ############################## DEBUG MODE: VERTEX ##############################
a     # Vertices          = 472
a     # udEdges           = 726
a     # Boundary Vertices = 44
a     # Outer Pins        = 2
a     # Left Corners      = 32
a     # Right Corners     = 32
a     # Front Corners     = 52
a     # Back Corners      = 52
a     # Ext Nets          = 2
a     # Sources           = 3
a     # Sinks             = 18
a     # Virtual Edges     = 652
